<?xml version="1.0" encoding="UTF-8"?>
<testsuite xmlns:xsi="http://www.w3.org/2001/XMLSchema-instance" xsi:noNamespaceSchemaLocation="https://maven.apache.org/surefire/maven-surefire-plugin/xsd/surefire-test-report-3.0.xsd" version="3.0" name="com.blinkx.excelStatus.ExcelStatusApplicationTests" time="6.06" tests="1" errors="0" skipped="0" failures="0">
  <properties>
[...]
</properties>
  <testcase name="contextLoads" classname="com.blinkx.excelStatus.ExcelStatusApplicationTests" time="0.668">
    <system-out><![CDATA[10:22:57.803 [main] INFO org.springframework.test.context.support.AnnotationConfigContextLoaderUtils -- Could not detect default configuration classes for test class [com.blinkx.excelStatus.ExcelStatusApplicationTests]: ExcelStatusApplicationTests does not declare any static, non-private, non-final, nested classes annotated with @Configuration.
10:22:57.963 [main] INFO org.springframework.boot.test.context.SpringBootTestContextBootstrapper -- Found @SpringBootConfiguration com.blinkx.excelStatus.ExcelStatusApplication for test class com.blinkx.excelStatus.ExcelStatusApplicationTests

  .   ____          _            __ _ _
 /\\ / ___'_ __ _ _(_)_ __  __ _ \ \ \ \
( ( )\___ | '_ | '_| | '_ \/ _` | \ \ \ \
 \\/  ___)| |_)| | | | | || (_| |  ) ) ) )
  '  |____| .__|_| |_|_| |_\__, | / / / /
 =========|_|==============|___/=/_/_/_/
 :: Spring Boot ::                (v3.1.2)

2023-08-28T10:22:58.590+05:30  INFO 95156 --- [           main] c.b.e.ExcelStatusApplicationTests        : Starting ExcelStatusApplicationTests using Java 17.0.7 with PID 95156 (started by kalpanagfinoux in C:\ExcelStatus)
2023-08-28T10:22:58.593+05:30  INFO 95156 --- [           main] c.b.e.ExcelStatusApplicationTests        : No active profile set, falling back to 1 default profile: "default"
2023-08-28T10:22:59.356+05:30  INFO 95156 --- [           main] .s.d.r.c.RepositoryConfigurationDelegate : Bootstrapping Spring Data JPA repositories in DEFAULT mode.
2023-08-28T10:22:59.438+05:30  INFO 95156 --- [           main] .s.d.r.c.RepositoryConfigurationDelegate : Finished Spring Data repository scanning in 69 ms. Found 1 JPA repository interfaces.
2023-08-28T10:22:59.998+05:30  INFO 95156 --- [           main] o.hibernate.jpa.internal.util.LogHelper  : HHH000204: Processing PersistenceUnitInfo [name: default]
2023-08-28T10:23:00.087+05:30  INFO 95156 --- [           main] org.hibernate.Version                    : HHH000412: Hibernate ORM core version 6.2.6.Final
2023-08-28T10:23:00.089+05:30  INFO 95156 --- [           main] org.hibernate.cfg.Environment            : HHH000406: Using bytecode reflection optimizer
2023-08-28T10:23:00.307+05:30  INFO 95156 --- [           main] o.h.b.i.BytecodeProviderInitiator        : HHH000021: Bytecode provider name : bytebuddy
2023-08-28T10:23:00.460+05:30  INFO 95156 --- [           main] o.s.o.j.p.SpringPersistenceUnitInfo      : No LoadTimeWeaver setup: ignoring JPA class transformer
2023-08-28T10:23:00.480+05:30  INFO 95156 --- [           main] com.zaxxer.hikari.HikariDataSource       : HikariPool-1 - Starting...
2023-08-28T10:23:00.742+05:30  INFO 95156 --- [           main] com.zaxxer.hikari.pool.HikariPool        : HikariPool-1 - Added connection org.postgresql.jdbc.PgConnection@6987a133
2023-08-28T10:23:00.745+05:30  INFO 95156 --- [           main] com.zaxxer.hikari.HikariDataSource       : HikariPool-1 - Start completed.
2023-08-28T10:23:01.091+05:30  INFO 95156 --- [           main] o.h.b.i.BytecodeProviderInitiator        : HHH000021: Bytecode provider name : bytebuddy
2023-08-28T10:23:01.809+05:30  INFO 95156 --- [           main] o.h.e.t.j.p.i.JtaPlatformInitiator       : HHH000490: Using JtaPlatform implementation: [org.hibernate.engine.transaction.jta.platform.internal.NoJtaPlatform]
2023-08-28T10:23:01.868+05:30 DEBUG 95156 --- [           main] org.hibernate.SQL                        : alter table if exists m_dump_data alter column amount set data type float(53)
Hibernate: alter table if exists m_dump_data alter column amount set data type float(53)
2023-08-28T10:23:01.874+05:30  INFO 95156 --- [           main] j.LocalContainerEntityManagerFactoryBean : Initialized JPA EntityManagerFactory for persistence unit 'default'
2023-08-28T10:23:02.226+05:30  INFO 95156 --- [           main] o.s.d.j.r.query.QueryEnhancerFactory     : Hibernate is in classpath; If applicable, HQL parser will be used.
2023-08-28T10:23:02.491+05:30  WARN 95156 --- [           main] JpaBaseConfiguration$JpaWebConfiguration : spring.jpa.open-in-view is enabled by default. Therefore, database queries may be performed during view rendering. Explicitly configure spring.jpa.open-in-view to disable this warning
2023-08-28T10:23:02.923+05:30  INFO 95156 --- [           main] c.b.e.ExcelStatusApplicationTests        : Started ExcelStatusApplicationTests in 4.731 seconds (process running for 6.237)
]]></system-out>
  </testcase>
</testsuite>